<?xml version="1.0" encoding="UTF-8"?>
<!-- Generated by org.testng.reporters.JUnitReportReporter -->
<testsuite hostname="WRHNDEV004" name="POM.readdatafromXLS" tests="1" failures="0" timestamp="6 Apr 2017 04:39:26 GMT" time="1.292" errors="0">
  <testcase name="readdata" time="1.292" classname="POM.readdatafromXLS"/>
</testsuite> <!-- POM.readdatafromXLS -->
