<?xml version="1.0" encoding="UTF-8"?>
<!-- Generated by org.testng.reporters.JUnitReportReporter -->
<testsuite skipped="0" hostname="WRHNDEV004" name="POM.sendemail" tests="1" failures="0" timestamp="17 Apr 2017 04:32:08 GMT" time="5.331" errors="0">
  <testcase name="send2" time="5.331" classname="POM.sendemail"/>
</testsuite> <!-- POM.sendemail -->
