<?xml version="1.0" encoding="UTF-8"?>
<!-- Generated by org.testng.reporters.JUnitReportReporter -->
<testsuite skipped="0" hostname="WRHNDEV021" name="Cases.sendStatusEmail" tests="1" failures="0" timestamp="4 May 2017 12:29:54 GMT" time="62.274" errors="0">
  <testcase name="sendemail" time="62.274" classname="Cases.sendStatusEmail"/>
</testsuite> <!-- Cases.sendStatusEmail -->
