<?xml version="1.0" encoding="UTF-8"?>
<!-- Generated by org.testng.reporters.JUnitReportReporter -->
<testsuite skipped="0" hostname="WRHNDEV021" name="Cases.sendStatusEmail" tests="1" failures="0" timestamp="4 May 2017 11:38:04 GMT" time="45.566" errors="0">
  <testcase name="sendemail" time="45.566" classname="Cases.sendStatusEmail"/>
</testsuite> <!-- Cases.sendStatusEmail -->
