<?xml version="1.0" encoding="UTF-8"?>
<!-- Generated by org.testng.reporters.JUnitReportReporter -->
<testsuite skipped="0" hostname="WRHNDEV063" name="Cases.sendStatusEmail" tests="1" failures="0" timestamp="7 Jun 2017 13:20:34 GMT" time="118.438" errors="0">
  <testcase name="sendemail" time="118.438" classname="Cases.sendStatusEmail"/>
</testsuite> <!-- Cases.sendStatusEmail -->
