<?xml version="1.0" encoding="UTF-8"?>
<!-- Generated by org.testng.reporters.JUnitReportReporter -->
<testsuite hostname="WRHNDEV004" name="Cases.readdatafromXLSX" tests="1" failures="0" timestamp="6 Apr 2017 04:24:48 GMT" time="1.532" errors="0">
  <testcase name="readdata" time="1.532" classname="Cases.readdatafromXLSX"/>
</testsuite> <!-- Cases.readdatafromXLSX -->
